0 info it worked if it ends with ok
1 verbose cli [ '/usr/local/bin/node', '/usr/local/bin/npm', 'publish', './' ]
2 info using npm@1.4.28
3 info using node@v0.10.38
4 verbose publish [ './' ]
5 verbose cache add [ './', null ]
6 verbose cache add name=undefined spec="./" args=["./",null]
7 verbose parsed url { protocol: null,
7 verbose parsed url   slashes: null,
7 verbose parsed url   auth: null,
7 verbose parsed url   host: null,
7 verbose parsed url   port: null,
7 verbose parsed url   hostname: null,
7 verbose parsed url   hash: null,
7 verbose parsed url   search: null,
7 verbose parsed url   query: null,
7 verbose parsed url   pathname: './',
7 verbose parsed url   path: './',
7 verbose parsed url   href: './' }
8 silly lockFile 0ee6c175- ./
9 verbose lock ./ /Users/s.thabti/.npm/0ee6c175-.lock
10 verbose tar pack [ '/Users/s.thabti/.npm/mrp-polyfil/0.0.1/package.tgz', './' ]
11 verbose tarball /Users/s.thabti/.npm/mrp-polyfil/0.0.1/package.tgz
12 verbose folder ./
13 info prepublish mrp-polyfil@0.0.1
14 silly lockFile 04cb2bca-tar tar://./
15 verbose lock tar://./ /Users/s.thabti/.npm/04cb2bca-tar.lock
16 silly lockFile 0de5abfb-pm-mrp-polyfil-0-0-1-package-tgz tar:///Users/s.thabti/.npm/mrp-polyfil/0.0.1/package.tgz
17 verbose lock tar:///Users/s.thabti/.npm/mrp-polyfil/0.0.1/package.tgz /Users/s.thabti/.npm/0de5abfb-pm-mrp-polyfil-0-0-1-package-tgz.lock
18 silly lockFile 04cb2bca-tar tar://./
19 silly lockFile 04cb2bca-tar tar://./
20 silly lockFile 0de5abfb-pm-mrp-polyfil-0-0-1-package-tgz tar:///Users/s.thabti/.npm/mrp-polyfil/0.0.1/package.tgz
21 silly lockFile 0de5abfb-pm-mrp-polyfil-0-0-1-package-tgz tar:///Users/s.thabti/.npm/mrp-polyfil/0.0.1/package.tgz
22 silly lockFile 2d95756f-ti-npm-mrp-polyfil-0-0-1-package /Users/s.thabti/.npm/mrp-polyfil/0.0.1/package
23 verbose lock /Users/s.thabti/.npm/mrp-polyfil/0.0.1/package /Users/s.thabti/.npm/2d95756f-ti-npm-mrp-polyfil-0-0-1-package.lock
24 silly lockFile 2d95756f-ti-npm-mrp-polyfil-0-0-1-package /Users/s.thabti/.npm/mrp-polyfil/0.0.1/package
25 silly lockFile 2d95756f-ti-npm-mrp-polyfil-0-0-1-package /Users/s.thabti/.npm/mrp-polyfil/0.0.1/package
26 silly lockFile 0ee6c175- ./
27 silly lockFile 0ee6c175- ./
28 silly publish { name: 'mrp-polyfil',
28 silly publish   version: '0.0.1',
28 silly publish   description: '',
28 silly publish   main: 'index.js',
28 silly publish   scripts: { test: 'echo "Error: no test specified" && exit 1' },
28 silly publish   repository:
28 silly publish    { type: 'git',
28 silly publish      url: 'https://github.com/mr-porter/js-polyfill.git' },
28 silly publish   keywords: [ 'polyfil', 'mrporter', 'javascript', 'ie' ],
28 silly publish   author: { name: 'MrPorter Dev' },
28 silly publish   license: 'MIT',
28 silly publish   bugs: { url: 'https://github.com/mr-porter/js-polyfill/issues' },
28 silly publish   homepage: 'https://github.com/mr-porter/js-polyfill',
28 silly publish   readme: '# js-polyfill\n',
28 silly publish   readmeFilename: 'README.md',
28 silly publish   gitHead: '7efb2a46093b2adabfe628844baf2900586f1320',
28 silly publish   _id: 'mrp-polyfil@0.0.1',
28 silly publish   _shasum: 'dc027dbbc3cb05ea86d9af2f4ac4ceb33e6a4749',
28 silly publish   _from: './' }
29 error need auth auth and email required for publishing
29 error need auth You need to authorize this machine using `npm adduser`
30 error System Darwin 14.1.0
31 error command "/usr/local/bin/node" "/usr/local/bin/npm" "publish" "./"
32 error cwd /Users/s.thabti/workspace/js-polyfill
33 error node -v v0.10.38
34 error npm -v 1.4.28
35 error code ENEEDAUTH
36 verbose exit [ 1, true ]
